Jan 15, 2022 3:42:42 PM com.mygdx.game.GameHelpers.EventLogHandler start
INFO: Logger started.
Jan 15, 2022 3:42:43 PM com.mygdx.game.GameHelpers.EventLogHandler log
INFO: A new database has been created.
Jan 15, 2022 3:42:43 PM com.mygdx.game.GameHelpers.EventLogHandler log
INFO: The driver is SQLite JDBC
Jan 15, 2022 3:42:43 PM com.mygdx.game.GameHelpers.EventLogHandler log
INFO: A new record has been added to the database
Jan 15, 2022 3:42:43 PM com.mygdx.game.GameHelpers.EventLogHandler log
INFO: A new record has been added to the database
Jan 15, 2022 3:42:43 PM com.mygdx.game.GameHelpers.EventLogHandler log
INFO: A new record has been added to the database
Jan 15, 2022 3:42:43 PM com.mygdx.game.GameHelpers.EventLogHandler log
INFO: A new record has been added to the database
Jan 15, 2022 3:42:43 PM com.mygdx.game.GameHelpers.EventLogHandler log
INFO: A new record has been added to the database
Jan 15, 2022 3:42:43 PM com.mygdx.game.GameHelpers.EventLogHandler log
INFO: A new record has been added to the database
Jan 15, 2022 3:42:43 PM com.mygdx.game.GameHelpers.EventLogHandler log
INFO: A new record has been added to the database
Jan 15, 2022 3:42:43 PM com.mygdx.game.GameHelpers.EventLogHandler log
INFO: A new record has been added to the database
Jan 15, 2022 3:42:43 PM com.mygdx.game.GameHelpers.EventLogHandler log
INFO: A new record has been added to the database
Jan 15, 2022 3:42:43 PM com.mygdx.game.GameHelpers.EventLogHandler log
INFO: A new record has been added to the database
Jan 15, 2022 3:42:43 PM com.mygdx.game.GameHelpers.EventLogHandler log
INFO: A new record has been added to the database
Jan 15, 2022 3:42:43 PM com.mygdx.game.GameHelpers.EventLogHandler log
INFO: A new record has been added to the database
Jan 15, 2022 3:42:43 PM com.mygdx.game.GameHelpers.EventLogHandler log
INFO: A new record has been added to the database
Jan 15, 2022 3:42:43 PM com.mygdx.game.GameHelpers.EventLogHandler log
INFO: A new record has been added to the database
Jan 15, 2022 3:42:43 PM com.mygdx.game.GameHelpers.EventLogHandler log
INFO: A new record has been added to the database
Jan 15, 2022 3:42:43 PM com.mygdx.game.GameHelpers.EventLogHandler log
INFO: A new record has been added to the database
Jan 15, 2022 3:42:43 PM com.mygdx.game.GameHelpers.EventLogHandler log
INFO: A new record has been added to the database
Jan 15, 2022 3:42:43 PM com.mygdx.game.GameHelpers.EventLogHandler log
INFO: A new record has been added to the database
Jan 15, 2022 3:42:43 PM com.mygdx.game.GameHelpers.EventLogHandler log
INFO: A new record has been added to the database
Jan 15, 2022 3:42:43 PM com.mygdx.game.GameHelpers.EventLogHandler log
INFO: A new record has been added to the database
Jan 15, 2022 3:42:44 PM com.mygdx.game.GameHelpers.EventLogHandler log
INFO: Database tables have been created
Jan 15, 2022 3:42:44 PM com.mygdx.game.GameHelpers.EventLogHandler log
INFO: Runtime config data has been loaded
Jan 15, 2022 3:42:44 PM com.mygdx.game.GameHelpers.EventLogHandler log
INFO: File MainLoop.wav was loaded. 
Jan 15, 2022 3:42:44 PM com.mygdx.game.GameHelpers.EventLogHandler log
INFO: File BlipSelect.wav was loaded. 
Jan 15, 2022 3:42:44 PM com.mygdx.game.GameHelpers.EventLogHandler log
INFO: File Hit.wav was loaded. 
Jan 15, 2022 3:42:44 PM com.mygdx.game.GameHelpers.EventLogHandler log
INFO: File ProjectileCreated.wav was loaded. 
Jan 15, 2022 3:42:44 PM com.mygdx.game.GameHelpers.EventLogHandler log
INFO: Runtime config data has been loaded
Jan 15, 2022 3:42:44 PM com.mygdx.game.GameHelpers.EventLogHandler log
INFO: File Boundary.png was loaded. 
Jan 15, 2022 3:42:44 PM com.mygdx.game.GameHelpers.EventLogHandler log
INFO: File Goal.png was loaded. 
Jan 15, 2022 3:42:44 PM com.mygdx.game.GameHelpers.EventLogHandler log
INFO: File Player.png was loaded. 
Jan 15, 2022 3:42:44 PM com.mygdx.game.GameHelpers.EventLogHandler log
INFO: File ShootingEnemy.png was loaded. 
Jan 15, 2022 3:42:44 PM com.mygdx.game.GameHelpers.EventLogHandler log
INFO: File TrackingEnemy.png was loaded. 
Jan 15, 2022 3:42:44 PM com.mygdx.game.GameHelpers.EventLogHandler log
INFO: File BackgroundTile.png was loaded. 
Jan 15, 2022 3:42:44 PM com.mygdx.game.GameHelpers.EventLogHandler log
INFO: File EnemyProjectile.png was loaded. 
Jan 15, 2022 3:42:44 PM com.mygdx.game.GameHelpers.EventLogHandler log
INFO: File HealthHeart.png was loaded. 
Jan 15, 2022 3:42:47 PM com.mygdx.game.GameHelpers.EventLogHandler log
INFO: Navigated to level select
Jan 15, 2022 3:42:48 PM com.mygdx.game.GameHelpers.EventLogHandler log
INFO: Navigated to game
